# JRE version: OpenJDK Runtime Environment (21.0.3) (build 21.0.3+-12282718-b509.11)
# Java VM: OpenJDK 64-Bit Server VM (21.0.3+-12282718-b509.11, mixed mode, tiered, compressed oops, compressed class ptrs, g1 gc, windows-amd64)
GC Precious Log:
 CardTable entry size: 512
 Card Set container configuration: InlinePtr #cards 4 size 8 Array Of Cards #cards 16 size 48 Howl #buckets 8 coarsen threshold 3686 Howl Bitmap #cards 512 size 80 coarsen threshold 460 Card regions per heap region 1 cards per card region 4096
 CPUs: 8 total, 8 available
 Memory: 16275M
 Large Page Support: Disabled
 NUMA Support: Disabled
 Compressed Oops: Enabled (Zero based)
 Heap Region Size: 2M
 Heap Min Capacity: 8M
 Heap Initial Capacity: 256M
 Heap Max Capacity: 4G
 Pre-touch: Disabled
 Parallel Workers: 8
 Concurrent Workers: 2
 Concurrent Refinement Workers: 8
 Periodic GC: Disabled
Heap:
 garbage-first heap   total 92160K, used 51607K [0x0000000700000000, 0x0000000800000000)
  region size 2048K, 5 young (10240K), 3 survivors (6144K)
 Metaspace       used 79625K, committed 81408K, reserved 1179648K
  class space    used 11011K, committed 11904K, reserved 1048576K
GC Heap History (20 events):
Event: 37.500 GC heap before
{Heap before GC invocations=12 (full 0):
 garbage-first heap   total 75776K, used 64936K [0x0000000700000000, 0x0000000800000000)
  region size 2048K, 17 young (34816K), 2 survivors (4096K)
 Metaspace       used 54613K, committed 56064K, reserved 1114112K
  class space    used 7435K, committed 8192K, reserved 1048576K
}
Event: 37.510 GC heap after
{Heap after GC invocations=13 (full 0):
 garbage-first heap   total 75776K, used 35697K [0x0000000700000000, 0x0000000800000000)
  region size 2048K, 2 young (4096K), 2 survivors (4096K)
 Metaspace       used 54613K, committed 56064K, reserved 1114112K
  class space    used 7435K, committed 8192K, reserved 1048576K
}
Event: 38.794 GC heap before
{Heap before GC invocations=13 (full 0):
 garbage-first heap   total 75776K, used 64369K [0x0000000700000000, 0x0000000800000000)
  region size 2048K, 16 young (32768K), 2 survivors (4096K)
 Metaspace       used 58755K, committed 60416K, reserved 1114112K
  class space    used 8073K, committed 8896K, reserved 1048576K
}
Event: 38.807 GC heap after
{Heap after GC invocations=14 (full 0):
 garbage-first heap   total 75776K, used 37281K [0x0000000700000000, 0x0000000800000000)
  region size 2048K, 2 young (4096K), 2 survivors (4096K)
 Metaspace       used 58755K, committed 60416K, reserved 1114112K
  class space    used 8073K, committed 8896K, reserved 1048576K
}
Event: 38.840 GC heap before
{Heap before GC invocations=14 (full 0):
 garbage-first heap   total 75776K, used 37281K [0x0000000700000000, 0x0000000800000000)
  region size 2048K, 3 young (6144K), 2 survivors (4096K)
 Metaspace       used 58814K, committed 60416K, reserved 1114112K
  class space    used 8083K, committed 8896K, reserved 1048576K
}
Event: 38.849 GC heap after
{Heap after GC invocations=15 (full 0):
 garbage-first heap   total 75776K, used 37282K [0x0000000700000000, 0x0000000800000000)
  region size 2048K, 1 young (2048K), 1 survivors (2048K)
 Metaspace       used 58814K, committed 60416K, reserved 1114112K
  class space    used 8083K, committed 8896K, reserved 1048576K
}
Event: 40.277 GC heap before
{Heap before GC invocations=16 (full 0):
 garbage-first heap   total 75776K, used 65954K [0x0000000700000000, 0x0000000800000000)
  region size 2048K, 15 young (30720K), 1 survivors (2048K)
 Metaspace       used 62212K, committed 63872K, reserved 1114112K
  class space    used 8596K, committed 9408K, reserved 1048576K
}
Event: 40.285 GC heap after
{Heap after GC invocations=17 (full 0):
 garbage-first heap   total 75776K, used 38296K [0x0000000700000000, 0x0000000800000000)
  region size 2048K, 2 young (4096K), 2 survivors (4096K)
 Metaspace       used 62212K, committed 63872K, reserved 1114112K
  class space    used 8596K, committed 9408K, reserved 1048576K
}
Event: 41.869 GC heap before
{Heap before GC invocations=17 (full 0):
 garbage-first heap   total 75776K, used 62872K [0x0000000700000000, 0x0000000800000000)
  region size 2048K, 14 young (28672K), 2 survivors (4096K)
 Metaspace       used 65009K, committed 66752K, reserved 1114112K
  class space    used 8935K, committed 9792K, reserved 1048576K
}
Event: 41.880 GC heap after
{Heap after GC invocations=18 (full 0):
 garbage-first heap   total 75776K, used 39551K [0x0000000700000000, 0x0000000800000000)
  region size 2048K, 2 young (4096K), 2 survivors (4096K)
 Metaspace       used 65009K, committed 66752K, reserved 1114112K
  class space    used 8935K, committed 9792K, reserved 1048576K
}
Event: 42.946 GC heap before
{Heap before GC invocations=19 (full 0):
 garbage-first heap   total 75776K, used 62079K [0x0000000700000000, 0x0000000800000000)
  region size 2048K, 13 young (26624K), 2 survivors (4096K)
 Metaspace       used 68516K, committed 70208K, reserved 1114112K
  class space    used 9432K, committed 10240K, reserved 1048576K
}
Event: 42.955 GC heap after
{Heap after GC invocations=20 (full 0):
 garbage-first heap   total 75776K, used 40476K [0x0000000700000000, 0x0000000800000000)
  region size 2048K, 2 young (4096K), 2 survivors (4096K)
 Metaspace       used 68516K, committed 70208K, reserved 1114112K
  class space    used 9432K, committed 10240K, reserved 1048576K
}
Event: 44.345 GC heap before
{Heap before GC invocations=20 (full 0):
 garbage-first heap   total 75776K, used 60956K [0x0000000700000000, 0x0000000800000000)
  region size 2048K, 13 young (26624K), 2 survivors (4096K)
 Metaspace       used 73658K, committed 75328K, reserved 1114112K
  class space    used 10096K, committed 10944K, reserved 1048576K
}
Event: 44.356 GC heap after
{Heap after GC invocations=21 (full 0):
 garbage-first heap   total 75776K, used 42949K [0x0000000700000000, 0x0000000800000000)
  region size 2048K, 2 young (4096K), 2 survivors (4096K)
 Metaspace       used 73658K, committed 75328K, reserved 1114112K
  class space    used 10096K, committed 10944K, reserved 1048576K
}
Event: 45.780 GC heap before
{Heap before GC invocations=22 (full 0):
 garbage-first heap   total 75776K, used 65477K [0x0000000700000000, 0x0000000800000000)
  region size 2048K, 13 young (26624K), 2 survivors (4096K)
 Metaspace       used 76338K, committed 78016K, reserved 1179648K
  class space    used 10517K, committed 11328K, reserved 1048576K
}
Event: 45.794 GC heap after
{Heap after GC invocations=23 (full 0):
 garbage-first heap   total 75776K, used 44598K [0x0000000700000000, 0x0000000800000000)
  region size 2048K, 1 young (2048K), 1 survivors (2048K)
 Metaspace       used 76338K, committed 78016K, reserved 1179648K
  class space    used 10517K, committed 11328K, reserved 1048576K
}
Event: 47.205 GC heap before
{Heap before GC invocations=23 (full 0):
 garbage-first heap   total 75776K, used 65078K [0x0000000700000000, 0x0000000800000000)
  region size 2048K, 11 young (22528K), 1 survivors (2048K)
 Metaspace       used 78709K, committed 80512K, reserved 1179648K
  class space    used 10922K, committed 11840K, reserved 1048576K
}
Event: 47.216 GC heap after
{Heap after GC invocations=24 (full 0):
 garbage-first heap   total 92160K, used 46267K [0x0000000700000000, 0x0000000800000000)
  region size 2048K, 2 young (4096K), 2 survivors (4096K)
 Metaspace       used 78709K, committed 80512K, reserved 1179648K
  class space    used 10922K, committed 11840K, reserved 1048576K
}
Event: 53.725 GC heap before
{Heap before GC invocations=25 (full 0):
 garbage-first heap   total 92160K, used 72891K [0x0000000700000000, 0x0000000800000000)
  region size 2048K, 17 young (34816K), 2 survivors (4096K)
 Metaspace       used 79621K, committed 81408K, reserved 1179648K
  class space    used 11011K, committed 11904K, reserved 1048576K
}
Event: 53.738 GC heap after
{Heap after GC invocations=26 (full 0):
 garbage-first heap   total 92160K, used 49559K [0x0000000700000000, 0x0000000800000000)
  region size 2048K, 3 young (6144K), 3 survivors (6144K)
 Metaspace       used 79621K, committed 81408K, reserved 1179648K
  class space    used 11011K, committed 11904K, reserved 1048576K
}

